<?xml version="1.0" encoding="UTF-8"?>
<!-- Generated by org.testng.reporters.JUnitXMLReporter -->
<testsuite hostname="Lenovo-PC" name="Default test" tests="2" failures="0" timestamp="10 Jun 2016 13:33:48 GMT" time="29.483" errors="0">
  <testcase name="gmailLogin" time="29.176" classname="com.testngparallel.TestNGParallelGrid.TestNGParallelGridDataProviderTest"/>
  <testcase name="gmailLogin" time="29.443" classname="com.testngparallel.TestNGParallelGrid.TestNGParallelGridDataProviderTest"/>
</testsuite> <!-- Default test -->
