<?xml version="1.0" encoding="UTF-8"?>
<!-- Generated by org.testng.reporters.JUnitXMLReporter -->
<testsuite hostname="Lenovo-PC" name="Google Search Grid" tests="2" failures="0" timestamp="10 Jun 2016 13:46:48 GMT" time="26.548" errors="0">
  <testcase name="gmailLogin" time="24.789" classname="com.testngparallel.TestNGParallelGrid.TestNGParallelGridDataProviderTest"/>
  <testcase name="gmailLogin" time="25.803" classname="com.testngparallel.TestNGParallelGrid.TestNGParallelGridDataProviderTest"/>
</testsuite> <!-- Google Search Grid -->
