<?xml version="1.0" encoding="UTF-8"?>
<testng-results skipped="0" failed="0" total="2" passed="2">
  <reporter-output>
  </reporter-output>
  <suite name="TestN Grid" duration-ms="29937" started-at="2016-06-10T14:49:41Z" finished-at="2016-06-10T14:50:11Z">
    <groups>
    </groups>
    <test name="ChromeTest" duration-ms="29053" started-at="2016-06-10T14:49:41Z" finished-at="2016-06-10T14:50:10Z">
      <class name="com.testngparallel.TestNGParallelGrid.TestNGParameterizedGridTest">
        <test-method status="PASS" signature="setPrerequisite(java.lang.String)[pri:0, instance:com.testngparallel.TestNGParallelGrid.TestNGParameterizedGridTest@53b32d7]" name="setPrerequisite" is-config="true" duration-ms="3028" started-at="2016-06-10T20:19:41Z" finished-at="2016-06-10T20:19:44Z">
          <params>
            <param index="0">
              <value>
                <![CDATA[chrome]]>
              </value>
            </param>
          </params>
          <reporter-output>
          </reporter-output>
        </test-method> <!-- setPrerequisite -->
        <test-method status="PASS" signature="googleSearch()[pri:0, instance:com.testngparallel.TestNGParallelGrid.TestNGParameterizedGridTest@53b32d7]" name="googleSearch" duration-ms="24944" started-at="2016-06-10T20:19:44Z" finished-at="2016-06-10T20:20:09Z">
          <reporter-output>
          </reporter-output>
        </test-method> <!-- googleSearch -->
        <test-method status="PASS" signature="tearDown()[pri:0, instance:com.testngparallel.TestNGParallelGrid.TestNGParameterizedGridTest@53b32d7]" name="tearDown" is-config="true" duration-ms="1062" started-at="2016-06-10T20:20:09Z" finished-at="2016-06-10T20:20:10Z">
          <reporter-output>
          </reporter-output>
        </test-method> <!-- tearDown -->
      </class> <!-- com.testngparallel.TestNGParallelGrid.TestNGParameterizedGridTest -->
    </test> <!-- ChromeTest -->
    <test name="FirefoxTest" duration-ms="29937" started-at="2016-06-10T14:49:41Z" finished-at="2016-06-10T14:50:11Z">
      <class name="com.testngparallel.TestNGParallelGrid.TestNGParameterizedGridTest">
        <test-method status="PASS" signature="setPrerequisite(java.lang.String)[pri:0, instance:com.testngparallel.TestNGParallelGrid.TestNGParameterizedGridTest@4c70fda8]" name="setPrerequisite" is-config="true" duration-ms="10169" started-at="2016-06-10T20:19:41Z" finished-at="2016-06-10T20:19:51Z">
          <params>
            <param index="0">
              <value>
                <![CDATA[firefox]]>
              </value>
            </param>
          </params>
          <reporter-output>
          </reporter-output>
        </test-method> <!-- setPrerequisite -->
        <test-method status="PASS" signature="googleSearch()[pri:0, instance:com.testngparallel.TestNGParallelGrid.TestNGParameterizedGridTest@4c70fda8]" name="googleSearch" duration-ms="19173" started-at="2016-06-10T20:19:51Z" finished-at="2016-06-10T20:20:10Z">
          <reporter-output>
          </reporter-output>
        </test-method> <!-- googleSearch -->
        <test-method status="PASS" signature="tearDown()[pri:0, instance:com.testngparallel.TestNGParallelGrid.TestNGParameterizedGridTest@4c70fda8]" name="tearDown" is-config="true" duration-ms="588" started-at="2016-06-10T20:20:10Z" finished-at="2016-06-10T20:20:11Z">
          <reporter-output>
          </reporter-output>
        </test-method> <!-- tearDown -->
      </class> <!-- com.testngparallel.TestNGParallelGrid.TestNGParameterizedGridTest -->
    </test> <!-- FirefoxTest -->
  </suite> <!-- TestN Grid -->
</testng-results>
